<?xml version="1.0" encoding="UTF-8"?>
<!-- Generated by org.testng.reporters.JUnitXMLReporter -->
<testsuite ignored="1" hostname="ZSCHN01LP0312" failures="0" tests="1" name="Default test(failed)" time="7.301" errors="0" timestamp="2024-02-01T15:52:19 IST">
  <testcase classname="testScript.SampleOneTest" name="googleSearch" time="5.256"/>
  <testcase classname="testScript.SampleOneTest" name="googleSearchappium" time="0.0">
    <ignored/>
  </testcase> <!-- googleSearchappium -->
</testsuite> <!-- Default test(failed) -->
