<?xml version="1.0" encoding="UTF-8"?>
<!-- Generated by org.testng.reporters.JUnitXMLReporter -->
<testsuite ignored="0" hostname="ZSCHN01LP0312" failures="0" tests="3" name="ModuleTest" time="6.972" errors="0" timestamp="2024-02-02T15:18:00 IST">
  <testcase classname="parallelScript.SampleOneTest" name="testone" time="2.936"/>
  <testcase classname="parallelScript.SampleOneTest" name="testthree" time="1.899"/>
  <testcase classname="parallelScript.SampleOneTest" name="testtwo" time="2.084"/>
</testsuite> <!-- ModuleTest -->
